<?xml version="1.0" encoding="UTF-8"?>
<robot generator="Robot 7.1.1 (Python 3.10.12 on linux)" generated="2024-11-13T19:47:42.265118" rpa="false" schemaversion="5">
<suite id="s1" name="Tests" source="/home/koponemi/webcounter/src/tests">
<suite id="s1-s1" name="Increment" source="/home/koponemi/webcounter/src/tests/increment.robot">
<kw name="Open And Configure Browser" owner="resource" type="SETUP">
<if>
<branch type="IF" condition="$BROWSER == 'chrome'">
<kw name="Evaluate" owner="BuiltIn">
<msg time="2024-11-13T19:47:42.380651" level="INFO">${options} = &lt;selenium.webdriver.chrome.options.Options object at 0x71ff4c219390&gt;</msg>
<var>${options}</var>
<arg>sys.modules['selenium.webdriver'].ChromeOptions()</arg>
<arg>sys</arg>
<doc>Evaluates the given expression in Python and returns the result.</doc>
<status status="PASS" start="2024-11-13T19:47:42.380420" elapsed="0.000259"/>
</kw>
<status status="PASS" start="2024-11-13T19:47:42.378289" elapsed="0.002443"/>
</branch>
<branch type="ELSE IF" condition="$BROWSER == 'firefox'">
<kw name="Evaluate" owner="BuiltIn">
<var>${options}</var>
<arg>sys.modules['selenium.webdriver'].FirefoxOptions()</arg>
<arg>sys</arg>
<doc>Evaluates the given expression in Python and returns the result.</doc>
<status status="NOT RUN" start="2024-11-13T19:47:42.380842" elapsed="0.000021"/>
</kw>
<status status="NOT RUN" start="2024-11-13T19:47:42.380763" elapsed="0.000139"/>
</branch>
<status status="PASS" start="2024-11-13T19:47:42.378267" elapsed="0.002670"/>
</if>
<if>
<branch type="IF" condition="$HEADLESS == 'true'">
<kw name="Set Selenium Speed" owner="SeleniumLibrary">
<arg>0</arg>
<doc>Sets the delay that is waited after each Selenium command.</doc>
<status status="PASS" start="2024-11-13T19:47:42.381127" elapsed="0.000197"/>
</kw>
<kw name="Call Method" owner="BuiltIn">
<arg>${options}</arg>
<arg>add_argument</arg>
<arg>--headless</arg>
<doc>Calls the named method of the given object with the provided arguments.</doc>
<status status="PASS" start="2024-11-13T19:47:42.381414" elapsed="0.000135"/>
</kw>
<status status="PASS" start="2024-11-13T19:47:42.380985" elapsed="0.000613"/>
</branch>
<branch type="ELSE">
<kw name="Set Selenium Speed" owner="SeleniumLibrary">
<arg>${DELAY}</arg>
<doc>Sets the delay that is waited after each Selenium command.</doc>
<status status="NOT RUN" start="2024-11-13T19:47:42.381698" elapsed="0.000020"/>
</kw>
<status status="NOT RUN" start="2024-11-13T19:47:42.381627" elapsed="0.000122"/>
</branch>
<status status="PASS" start="2024-11-13T19:47:42.380974" elapsed="0.000798"/>
</if>
<kw name="Open Browser" owner="SeleniumLibrary">
<msg time="2024-11-13T19:47:42.382058" level="INFO">Opening browser 'chrome' to base url 'None'.</msg>
<msg time="2024-11-13T19:47:42.420319" level="WARN">The chromedriver version (130.0.6723.91) detected in PATH at /usr/bin/chromedriver might not be compatible with the detected chrome version (131.0.6778.69); currently, chromedriver 131.0.6778.69 is recommended for chrome 131.*, so it is advised to delete the driver in PATH and retry</msg>
<arg>browser=${BROWSER}</arg>
<arg>options=${options}</arg>
<doc>Opens a new browser instance to the optional ``url``.</doc>
<status status="PASS" start="2024-11-13T19:47:42.381845" elapsed="0.243710"/>
</kw>
<status status="PASS" start="2024-11-13T19:47:42.378104" elapsed="0.247575"/>
</kw>
<test id="s1-s1-t1" name="At start the counter is zero" line="7">
<kw name="Go To" owner="SeleniumLibrary">
<msg time="2024-11-13T19:47:42.626341" level="INFO">Opening url 'http://localhost:5001'</msg>
<arg>${HOME_URL}</arg>
<doc>Navigates the current browser window to the provided ``url``.</doc>
<status status="PASS" start="2024-11-13T19:47:42.626159" elapsed="0.033503"/>
</kw>
<kw name="Title Should Be" owner="SeleniumLibrary">
<msg time="2024-11-13T19:47:42.664676" level="INFO">Page title is 'Laskuri'.</msg>
<arg>Laskuri</arg>
<doc>Verifies that the current page title equals ``title``.</doc>
<status status="PASS" start="2024-11-13T19:47:42.659965" elapsed="0.004842"/>
</kw>
<kw name="Page Should Contain" owner="SeleniumLibrary">
<msg time="2024-11-13T19:47:42.676192" level="INFO">Current page contains text 'nappia painettu 0 kertaa'.</msg>
<arg>nappia painettu 0 kertaa</arg>
<doc>Verifies that current page contains ``text``.</doc>
<status status="PASS" start="2024-11-13T19:47:42.665231" elapsed="0.011063"/>
</kw>
<status status="PASS" start="2024-11-13T19:47:42.625786" elapsed="0.050718"/>
</test>
<test id="s1-s1-t2" name="When button pressed twice the counter is two" line="12">
<kw name="Go To" owner="SeleniumLibrary">
<msg time="2024-11-13T19:47:42.677144" level="INFO">Opening url 'http://localhost:5001'</msg>
<arg>${HOME_URL}</arg>
<doc>Navigates the current browser window to the provided ``url``.</doc>
<status status="PASS" start="2024-11-13T19:47:42.676988" elapsed="0.012075"/>
</kw>
<kw name="Click Button" owner="SeleniumLibrary">
<msg time="2024-11-13T19:47:42.689591" level="INFO">Clicking button 'Paina'.</msg>
<arg>Paina</arg>
<doc>Clicks the button identified by ``locator``.</doc>
<status status="PASS" start="2024-11-13T19:47:42.689297" elapsed="0.049936"/>
</kw>
<kw name="Click Button" owner="SeleniumLibrary">
<msg time="2024-11-13T19:47:42.739702" level="INFO">Clicking button 'Paina'.</msg>
<arg>Paina</arg>
<doc>Clicks the button identified by ``locator``.</doc>
<status status="PASS" start="2024-11-13T19:47:42.739495" elapsed="0.038332"/>
</kw>
<kw name="Page Should Contain" owner="SeleniumLibrary">
<msg time="2024-11-13T19:47:42.792502" level="INFO">Current page contains text 'nappia painettu 2 kertaa'.</msg>
<arg>nappia painettu 2 kertaa</arg>
<doc>Verifies that current page contains ``text``.</doc>
<status status="PASS" start="2024-11-13T19:47:42.778113" elapsed="0.014492"/>
</kw>
<status status="PASS" start="2024-11-13T19:47:42.676698" elapsed="0.116118"/>
</test>
<test id="s1-s1-t3" name="When counter has a nonzero value and it is reset the value becomes zero" line="18">
<kw name="Click Button" owner="SeleniumLibrary">
<msg time="2024-11-13T19:47:42.793505" level="INFO">Clicking button 'Nollaa'.</msg>
<arg>Nollaa</arg>
<doc>Clicks the button identified by ``locator``.</doc>
<status status="PASS" start="2024-11-13T19:47:42.793330" elapsed="0.039626"/>
</kw>
<kw name="Page Should Contain" owner="SeleniumLibrary">
<msg time="2024-11-13T19:47:42.842214" level="INFO">Current page contains text 'nappia painettu 0 kertaa'.</msg>
<arg>nappia painettu 0 kertaa</arg>
<doc>Verifies that current page contains ``text``.</doc>
<status status="PASS" start="2024-11-13T19:47:42.833228" elapsed="0.009089"/>
</kw>
<status status="PASS" start="2024-11-13T19:47:42.793014" elapsed="0.049515"/>
</test>
<test id="s1-s1-t4" name="When input 10 given counter is ten" line="21">
<kw name="Input Text" owner="SeleniumLibrary">
<msg time="2024-11-13T19:47:42.843198" level="INFO">Typing text '10' into text field 'value'.</msg>
<arg>value</arg>
<arg>10</arg>
<doc>Types the given ``text`` into the text field identified by ``locator``.</doc>
<status status="PASS" start="2024-11-13T19:47:42.843006" elapsed="0.053688"/>
</kw>
<kw name="Click Button" owner="SeleniumLibrary">
<msg time="2024-11-13T19:47:42.897169" level="INFO">Clicking button 'aseta'.</msg>
<arg>aseta</arg>
<doc>Clicks the button identified by ``locator``.</doc>
<status status="PASS" start="2024-11-13T19:47:42.896966" elapsed="0.045227"/>
</kw>
<kw name="Page Should Contain" owner="SeleniumLibrary">
<msg time="2024-11-13T19:47:42.952597" level="INFO">Current page contains text 'nappia painettu 10 kertaa'.</msg>
<arg>nappia painettu 10 kertaa</arg>
<doc>Verifies that current page contains ``text``.</doc>
<status status="PASS" start="2024-11-13T19:47:42.942448" elapsed="0.010250"/>
</kw>
<status status="PASS" start="2024-11-13T19:47:42.842712" elapsed="0.110215"/>
</test>
<kw name="Close Browser" owner="SeleniumLibrary" type="TEARDOWN">
<doc>Closes the current browser.</doc>
<status status="PASS" start="2024-11-13T19:47:42.953404" elapsed="0.056038"/>
</kw>
<status status="PASS" start="2024-11-13T19:47:42.281896" elapsed="0.727638"/>
</suite>
<status status="PASS" start="2024-11-13T19:47:42.265973" elapsed="0.744168"/>
</suite>
<statistics>
<total>
<stat pass="4" fail="0" skip="0">All Tests</stat>
</total>
<tag>
</tag>
<suite>
<stat pass="4" fail="0" skip="0" id="s1" name="Tests">Tests</stat>
<stat pass="4" fail="0" skip="0" id="s1-s1" name="Increment">Tests.Increment</stat>
</suite>
</statistics>
<errors>
<msg time="2024-11-13T19:47:42.420319" level="WARN">The chromedriver version (130.0.6723.91) detected in PATH at /usr/bin/chromedriver might not be compatible with the detected chrome version (131.0.6778.69); currently, chromedriver 131.0.6778.69 is recommended for chrome 131.*, so it is advised to delete the driver in PATH and retry</msg>
</errors>
</robot>
